#
# There is insufficient memory for the Java Runtime Environment to continue.
# Native memory allocation (mmap) failed to map 39321600 bytes for committing reserved memory.
# Possible reasons:
#   The system is out of physical RAM or swap space
#   In 32 bit mode, the process size limit was hit
# Possible solutions:
#   Reduce memory load on the system
#   Increase physical memory or swap space
#   Check if swap backing store is full
#   Use 64 bit Java on a 64 bit OS
#   Decrease Java heap size (-Xmx/-Xms)
#   Decrease number of Java threads
#   Decrease Java thread stack sizes (-Xss)
#   Set larger code cache with -XX:ReservedCodeCacheSize=
# This output file may be truncated or incomplete.
#
#  Out of Memory Error (os_linux.cpp:2673), pid=11328, tid=140708980705024
#
# JRE version: Java(TM) SE Runtime Environment (8.0_40-b25) (build 1.8.0_40-b25)
# Java VM: Java HotSpot(TM) 64-Bit Server VM (25.40-b25 mixed mode linux-amd64 compressed oops)
# Failed to write core dump. Core dumps have been disabled. To enable core dumping, try "ulimit -c unlimited" before starting Java again
#

---------------  T H R E A D  ---------------

Current thread (0x00007ff96c13f800):  VMThread [stack: 0x00007ff95cbfc000,0x00007ff95ccfd000] [id=11342]

Stack: [0x00007ff95cbfc000,0x00007ff95ccfd000],  sp=0x00007ff95ccfb0e0,  free space=1020k
Native frames: (J=compiled Java code, j=interpreted, Vv=VM code, C=native code)
V  [libjvm.so+0xaaca9a]  VMError::report_and_die()+0x2ba
V  [libjvm.so+0x4f333b]  report_vm_out_of_memory(char const*, int, unsigned long, VMErrorType, char const*)+0x8b
V  [libjvm.so+0x90e8c3]  os::Linux::commit_memory_impl(char*, unsigned long, bool)+0x103
V  [libjvm.so+0x90ee19]  os::pd_commit_memory(char*, unsigned long, unsigned long, bool)+0x29
V  [libjvm.so+0x90877a]  os::commit_memory(char*, unsigned long, unsigned long, bool)+0x2a
V  [libjvm.so+0x97bbc3]  PSVirtualSpace::expand_by(unsigned long)+0x53
V  [libjvm.so+0x97cfc8]  PSYoungGen::resize_generation(unsigned long, unsigned long)+0xf8
V  [libjvm.so+0x97c122]  PSYoungGen::resize(unsigned long, unsigned long)+0x22
V  [libjvm.so+0x9793fb]  PSScavenge::invoke_no_policy()+0xf7b
V  [libjvm.so+0x979b81]  PSScavenge::invoke()+0x41
V  [libjvm.so+0x932150]  ParallelScavengeHeap::failed_mem_allocate(unsigned long)+0x70
V  [libjvm.so+0xaae2d7]  VM_ParallelGCFailedAllocation::doit()+0x97
V  [libjvm.so+0xab5ac5]  VM_Operation::evaluate()+0x55
V  [libjvm.so+0xab3e9a]  VMThread::evaluate_operation(VM_Operation*)+0xba
V  [libjvm.so+0xab421e]  VMThread::loop()+0x1ce
V  [libjvm.so+0xab4690]  VMThread::run()+0x70
V  [libjvm.so+0x910ee8]  java_start(Thread*)+0x108

VM_Operation (0x00007ff97532a040): ParallelGCFailedAllocation, mode: safepoint, requested by thread 0x00007ff96c00a800


---------------  P R O C E S S  ---------------

Java Threads: ( => current thread )
  0x00007ff96c189800 JavaThread "Service Thread" daemon [_thread_blocked, id=11349, stack(0x00007ff955dfe000,0x00007ff955eff000)]
  0x00007ff96c184800 JavaThread "C1 CompilerThread2" daemon [_thread_blocked, id=11348, stack(0x00007ff955eff000,0x00007ff956000000)]
  0x00007ff96c182800 JavaThread "C2 CompilerThread1" daemon [_thread_blocked, id=11347, stack(0x00007ff95c015000,0x00007ff95c116000)]
  0x00007ff96c17f800 JavaThread "C2 CompilerThread0" daemon [_thread_blocked, id=11346, stack(0x00007ff95c116000,0x00007ff95c217000)]
  0x00007ff96c17e800 JavaThread "Signal Dispatcher" daemon [_thread_blocked, id=11345, stack(0x00007ff95c217000,0x00007ff95c318000)]
  0x00007ff96c146800 JavaThread "Finalizer" daemon [_thread_blocked, id=11344, stack(0x00007ff95c9fa000,0x00007ff95cafb000)]
  0x00007ff96c144800 JavaThread "Reference Handler" daemon [_thread_blocked, id=11343, stack(0x00007ff95cafb000,0x00007ff95cbfc000)]
  0x00007ff96c00a800 JavaThread "main" [_thread_blocked, id=11337, stack(0x00007ff97522b000,0x00007ff97532c000)]

Other Threads:
=>0x00007ff96c13f800 VMThread [stack: 0x00007ff95cbfc000,0x00007ff95ccfd000] [id=11342]
  0x00007ff96c18c000 WatcherThread [stack: 0x00007ff955cfd000,0x00007ff955dfe000] [id=11350]

VM state:at safepoint (normal execution)

VM Mutex/Monitor currently owned by a thread:  ([mutex/lock_event])
[0x00007ff96c006a50] Threads_lock - owner thread: 0x00007ff96c13f800
[0x00007ff96c006f50] Heap_lock - owner thread: 0x00007ff96c00a800

Heap:
 PSYoungGen      total 69120K, used 4311K [0x00000000eab00000, 0x00000000ef400000, 0x0000000100000000)
  eden space 63488K, 0% used [0x00000000eab00000,0x00000000eab00000,0x00000000ee900000)
  from space 5632K, 76% used [0x00000000ee900000,0x00000000eed35c60,0x00000000eee80000)
  to   space 5632K, 0% used [0x00000000eee80000,0x00000000eee80000,0x00000000ef400000)
 ParOldGen       total 42496K, used 41605K [0x00000000c0000000, 0x00000000c2980000, 0x00000000eab00000)
  object space 42496K, 97% used [0x00000000c0000000,0x00000000c28a1700,0x00000000c2980000)
 Metaspace       used 7913K, capacity 8056K, committed 8320K, reserved 1056768K
  class space    used 774K, capacity 816K, committed 896K, reserved 1048576K

Card table byte_map: [0x00007ff971e03000,0x00007ff972004000] byte_map_base: 0x00007ff971803000

Marking Bits: (ParMarkBitMap*) 0x00007ff9747016c0
 Begin Bits: [0x00007ff956000000, 0x00007ff957000000)
 End Bits:   [0x00007ff957000000, 0x00007ff958000000)

Polling page: 0x00007ff975348000

CodeCache: size=245760Kb used=8327Kb max_used=8327Kb free=237432Kb
 bounds [0x00007ff95d000000, 0x00007ff95d830000, 0x00007ff96c000000]
 total_blobs=2769 nmethods=2471 adapters=212
 compilation: enabled

Compilation events (10 events):
Event: 3.445 Thread 0x00007ff96c184800 2502       1       com.android.dx.io.instructions.SparseSwitchPayloadDecodedInstruction::getTargets (5 bytes)
Event: 3.445 Thread 0x00007ff96c184800 nmethod 2502 0x00007ff95d7f9310 code [0x00007ff95d7f9460, 0x00007ff95d7f9570]
Event: 3.450 Thread 0x00007ff96c184800 2503       2       com.android.dx.io.instructions.InstructionCodec$33::decode (99 bytes)
Event: 3.452 Thread 0x00007ff96c184800 nmethod 2503 0x00007ff95d824f90 code [0x00007ff95d8251c0, 0x00007ff95d825cb8]
Event: 3.452 Thread 0x00007ff96c184800 2504       2       com.android.dx.io.instructions.InstructionCodec$33::encode (131 bytes)
Event: 3.453 Thread 0x00007ff96c184800 nmethod 2504 0x00007ff95d826ad0 code [0x00007ff95d826ca0, 0x00007ff95d827328]
Event: 3.509 Thread 0x00007ff96c184800 2510       2       java.util.HashMap$TreeNode::find (172 bytes)
Event: 3.510 Thread 0x00007ff96c184800 nmethod 2510 0x00007ff95d827b50 code [0x00007ff95d827d00, 0x00007ff95d828138]
Event: 3.510 Thread 0x00007ff96c184800 2509       2       java.util.HashMap$TreeNode::getTreeNode (22 bytes)
Event: 3.510 Thread 0x00007ff96c184800 nmethod 2509 0x00007ff95d828410 code [0x00007ff95d828580, 0x00007ff95d828768]

GC Heap History (10 events):
Event: 2.843 GC heap after
Heap after GC invocations=4 (full 0):
 PSYoungGen      total 18432K, used 2528K [0x00000000eab00000, 0x00000000ecf00000, 0x0000000100000000)
  eden space 15872K, 0% used [0x00000000eab00000,0x00000000eab00000,0x00000000eba80000)
  from space 2560K, 98% used [0x00000000ebd00000,0x00000000ebf78018,0x00000000ebf80000)
  to   space 2560K, 0% used [0x00000000eba80000,0x00000000eba80000,0x00000000ebd00000)
 ParOldGen       total 42496K, used 9393K [0x00000000c0000000, 0x00000000c2980000, 0x00000000eab00000)
  object space 42496K, 22% used [0x00000000c0000000,0x00000000c092c7a0,0x00000000c2980000)
 Metaspace       used 7813K, capacity 7992K, committed 8320K, reserved 1056768K
  class space    used 774K, capacity 816K, committed 896K, reserved 1048576K
}
Event: 2.974 GC heap before
{Heap before GC invocations=5 (full 0):
 PSYoungGen      total 18432K, used 18400K [0x00000000eab00000, 0x00000000ecf00000, 0x0000000100000000)
  eden space 15872K, 100% used [0x00000000eab00000,0x00000000eba80000,0x00000000eba80000)
  from space 2560K, 98% used [0x00000000ebd00000,0x00000000ebf78018,0x00000000ebf80000)
  to   space 2560K, 0% used [0x00000000eba80000,0x00000000eba80000,0x00000000ebd00000)
 ParOldGen       total 42496K, used 9393K [0x00000000c0000000, 0x00000000c2980000, 0x00000000eab00000)
  object space 42496K, 22% used [0x00000000c0000000,0x00000000c092c7a0,0x00000000c2980000)
 Metaspace       used 7860K, capacity 8056K, committed 8320K, reserved 1056768K
  class space    used 774K, capacity 816K, committed 896K, reserved 1048576K
Event: 2.981 GC heap after
Heap after GC invocations=5 (full 0):
 PSYoungGen      total 18432K, used 2528K [0x00000000eab00000, 0x00000000ed500000, 0x0000000100000000)
  eden space 15872K, 0% used [0x00000000eab00000,0x00000000eab00000,0x00000000eba80000)
  from space 2560K, 98% used [0x00000000eba80000,0x00000000ebcf8018,0x00000000ebd00000)
  to   space 5632K, 0% used [0x00000000ecf80000,0x00000000ecf80000,0x00000000ed500000)
 ParOldGen       total 42496K, used 11678K [0x00000000c0000000, 0x00000000c2980000, 0x00000000eab00000)
  object space 42496K, 27% used [0x00000000c0000000,0x00000000c0b67988,0x00000000c2980000)
 Metaspace       used 7860K, capacity 8056K, committed 8320K, reserved 1056768K
  class space    used 774K, capacity 816K, committed 896K, reserved 1048576K
}
Event: 3.065 GC heap before
{Heap before GC invocations=6 (full 0):
 PSYoungGen      total 18432K, used 18400K [0x00000000eab00000, 0x00000000ed500000, 0x0000000100000000)
  eden space 15872K, 100% used [0x00000000eab00000,0x00000000eba80000,0x00000000eba80000)
  from space 2560K, 98% used [0x00000000eba80000,0x00000000ebcf8018,0x00000000ebd00000)
  to   space 5632K, 0% used [0x00000000ecf80000,0x00000000ecf80000,0x00000000ed500000)
 ParOldGen       total 42496K, used 11678K [0x00000000c0000000, 0x00000000c2980000, 0x00000000eab00000)
  object space 42496K, 27% used [0x00000000c0000000,0x00000000c0b67988,0x00000000c2980000)
 Metaspace       used 7874K, capacity 8056K, committed 8320K, reserved 1056768K
  class space    used 774K, capacity 816K, committed 896K, reserved 1048576K
Event: 3.076 GC heap after
Heap after GC invocations=6 (full 0):
 PSYoungGen      total 37376K, used 4492K [0x00000000eab00000, 0x00000000ed500000, 0x0000000100000000)
  eden space 31744K, 0% used [0x00000000eab00000,0x00000000eab00000,0x00000000eca00000)
  from space 5632K, 79% used [0x00000000ecf80000,0x00000000ed3e30c0,0x00000000ed500000)
  to   space 5632K, 0% used [0x00000000eca00000,0x00000000eca00000,0x00000000ecf80000)
 ParOldGen       total 42496K, used 13812K [0x00000000c0000000, 0x00000000c2980000, 0x00000000eab00000)
  object space 42496K, 32% used [0x00000000c0000000,0x00000000c0d7d3e0,0x00000000c2980000)
 Metaspace       used 7874K, capacity 8056K, committed 8320K, reserved 1056768K
  class space    used 774K, capacity 816K, committed 896K, reserved 1048576K
}
Event: 3.217 GC heap before
{Heap before GC invocations=7 (full 0):
 PSYoungGen      total 37376K, used 36236K [0x00000000eab00000, 0x00000000ed500000, 0x0000000100000000)
  eden space 31744K, 100% used [0x00000000eab00000,0x00000000eca00000,0x00000000eca00000)
  from space 5632K, 79% used [0x00000000ecf80000,0x00000000ed3e30c0,0x00000000ed500000)
  to   space 5632K, 0% used [0x00000000eca00000,0x00000000eca00000,0x00000000ecf80000)
 ParOldGen       total 42496K, used 13812K [0x00000000c0000000, 0x00000000c2980000, 0x00000000eab00000)
  object space 42496K, 32% used [0x00000000c0000000,0x00000000c0d7d3e0,0x00000000c2980000)
 Metaspace       used 7885K, capacity 8056K, committed 8320K, reserved 1056768K
  class space    used 774K, capacity 816K, committed 896K, reserved 1048576K
Event: 3.224 GC heap after
Heap after GC invocations=7 (full 0):
 PSYoungGen      total 37376K, used 5073K [0x00000000eab00000, 0x00000000ef400000, 0x0000000100000000)
  eden space 31744K, 0% used [0x00000000eab00000,0x00000000eab00000,0x00000000eca00000)
  from space 5632K, 90% used [0x00000000eca00000,0x00000000ecef47a0,0x00000000ecf80000)
  to   space 5632K, 0% used [0x00000000eee80000,0x00000000eee80000,0x00000000ef400000)
 ParOldGen       total 42496K, used 14500K [0x00000000c0000000, 0x00000000c2980000, 0x00000000eab00000)
  object space 42496K, 34% used [0x00000000c0000000,0x00000000c0e29008,0x00000000c2980000)
 Metaspace       used 7885K, capacity 8056K, committed 8320K, reserved 1056768K
  class space    used 774K, capacity 816K, committed 896K, reserved 1048576K
}
Event: 3.346 GC heap before
{Heap before GC invocations=8 (full 0):
 PSYoungGen      total 37376K, used 36817K [0x00000000eab00000, 0x00000000ef400000, 0x0000000100000000)
  eden space 31744K, 100% used [0x00000000eab00000,0x00000000eca00000,0x00000000eca00000)
  from space 5632K, 90% used [0x00000000eca00000,0x00000000ecef47a0,0x00000000ecf80000)
  to   space 5632K, 0% used [0x00000000eee80000,0x00000000eee80000,0x00000000ef400000)
 ParOldGen       total 42496K, used 14500K [0x00000000c0000000, 0x00000000c2980000, 0x00000000eab00000)
  object space 42496K, 34% used [0x00000000c0000000,0x00000000c0e29008,0x00000000c2980000)
 Metaspace       used 7900K, capacity 8056K, committed 8320K, reserved 1056768K
  class space    used 774K, capacity 816K, committed 896K, reserved 1048576K
Event: 3.355 GC heap after
Heap after GC invocations=8 (full 0):
 PSYoungGen      total 69120K, used 4037K [0x00000000eab00000, 0x00000000ef400000, 0x0000000100000000)
  eden space 63488K, 0% used [0x00000000eab00000,0x00000000eab00000,0x00000000ee900000)
  from space 5632K, 71% used [0x00000000eee80000,0x00000000ef2717d8,0x00000000ef400000)
  to   space 5632K, 0% used [0x00000000ee900000,0x00000000ee900000,0x00000000eee80000)
 ParOldGen       total 42496K, used 21807K [0x00000000c0000000, 0x00000000c2980000, 0x00000000eab00000)
  object space 42496K, 51% used [0x00000000c0000000,0x00000000c154bc98,0x00000000c2980000)
 Metaspace       used 7900K, capacity 8056K, committed 8320K, reserved 1056768K
  class space    used 774K, capacity 816K, committed 896K, reserved 1048576K
}
Event: 3.517 GC heap before
{Heap before GC invocations=9 (full 0):
 PSYoungGen      total 69120K, used 67525K [0x00000000eab00000, 0x00000000ef400000, 0x0000000100000000)
  eden space 63488K, 100% used [0x00000000eab00000,0x00000000ee900000,0x00000000ee900000)
  from space 5632K, 71% used [0x00000000eee80000,0x00000000ef2717d8,0x00000000ef400000)
  to   space 5632K, 0% used [0x00000000ee900000,0x00000000ee900000,0x00000000eee80000)
 ParOldGen       total 42496K, used 21807K [0x00000000c0000000, 0x00000000c2980000, 0x00000000eab00000)
  object space 42496K, 51% used [0x00000000c0000000,0x00000000c154bc98,0x00000000c2980000)
 Metaspace       used 7913K, capacity 8056K, committed 8320K, reserved 1056768K
  class space    used 774K, capacity 816K, committed 896K, reserved 1048576K

Deoptimization events (10 events):
Event: 2.829 Thread 0x00007ff96c00a800 Uncommon trap: reason=predicate action=maybe_recompile pc=0x00007ff95d712e14 method=com.android.dex.Leb128.readUnsignedLeb128(Lcom/android/dex/util/ByteInput;)I @ 41
Event: 2.847 Thread 0x00007ff96c00a800 Uncommon trap: reason=unstable_if action=reinterpret pc=0x00007ff95d726dc4 method=java.util.HashMap.putVal(ILjava/lang/Object;Ljava/lang/Object;ZZ)Ljava/lang/Object; @ 162
Event: 3.294 Thread 0x00007ff96c00a800 Uncommon trap: reason=unstable_if action=reinterpret pc=0x00007ff95d79f118 method=com.android.dex.EncodedValueCodec.readUnsignedInt(Lcom/android/dex/util/ByteInput;IZ)I @ 3
Event: 3.294 Thread 0x00007ff96c00a800 Uncommon trap: reason=unstable_if action=reinterpret pc=0x00007ff95d324d1c method=java.lang.Long.numberOfTrailingZeros(J)I @ 3
Event: 3.381 Thread 0x00007ff96c00a800 Uncommon trap: reason=unstable_if action=reinterpret pc=0x00007ff95d78dcdc method=com.android.dex.Mutf8.decode(Lcom/android/dex/util/ByteInput;[C)Ljava/lang/String; @ 37
Event: 3.381 Thread 0x00007ff96c00a800 Uncommon trap: reason=unstable_if action=reinterpret pc=0x00007ff95d7a2a9c method=com.android.dex.Mutf8.countBytes(Ljava/lang/String;Z)J @ 35
Event: 3.381 Thread 0x00007ff96c00a800 Uncommon trap: reason=unstable_if action=reinterpret pc=0x00007ff95d6f409c method=com.android.dex.Mutf8.encode([BILjava/lang/String;)V @ 31
Event: 3.381 Thread 0x00007ff96c00a800 Uncommon trap: reason=unstable_if action=reinterpret pc=0x00007ff95d796d54 method=com.android.dex.Mutf8.decode(Lcom/android/dex/util/ByteInput;[C)Ljava/lang/String; @ 37
Event: 3.381 Thread 0x00007ff96c00a800 Uncommon trap: reason=unstable_if action=reinterpret pc=0x00007ff95d6fd0d8 method=com.android.dex.Mutf8.countBytes(Ljava/lang/String;Z)J @ 35
Event: 3.381 Thread 0x00007ff96c00a800 Uncommon trap: reason=unstable_if action=reinterpret pc=0x00007ff95d701200 method=com.android.dex.Mutf8.decode(Lcom/android/dex/util/ByteInput;[C)Ljava/lang/String; @ 37

Internal exceptions (7 events):
Event: 0.481 Thread 0x00007ff96c00a800 Exception <a 'java/lang/NoSuchMethodError': Method sun.misc.Unsafe.defineClass(Ljava/lang/String;[BII)Ljava/lang/Class; name or signature does not match> (0x00000000eab12a38) thrown at [/HUDSON/workspace/8-2-build-linux-amd64/jdk8u40/2855/hotspot/src/shar
Event: 0.481 Thread 0x00007ff96c00a800 Exception <a 'java/lang/NoSuchMethodError': Method sun.misc.Unsafe.prefetchRead(Ljava/lang/Object;J)V name or signature does not match> (0x00000000eab12cc8) thrown at [/HUDSON/workspace/8-2-build-linux-amd64/jdk8u40/2855/hotspot/src/share/vm/prims/jni.cpp
Event: 1.796 Thread 0x00007ff96c1dc000 Implicit null exception at 0x00007ff95d35f825 to 0x00007ff95d3625c5
Event: 2.679 Thread 0x00007ff96c00a800 Exception <a 'java/security/PrivilegedActionException'> (0x00000000eb5c0490) thrown at [/HUDSON/workspace/8-2-build-linux-amd64/jdk8u40/2855/hotspot/src/share/vm/prims/jvm.cpp, line 1382]
Event: 2.679 Thread 0x00007ff96c00a800 Exception <a 'java/security/PrivilegedActionException'> (0x00000000eb5c07d8) thrown at [/HUDSON/workspace/8-2-build-linux-amd64/jdk8u40/2855/hotspot/src/share/vm/prims/jvm.cpp, line 1382]
Event: 2.679 Thread 0x00007ff96c00a800 Exception <a 'java/security/PrivilegedActionException'> (0x00000000eb5c2e88) thrown at [/HUDSON/workspace/8-2-build-linux-amd64/jdk8u40/2855/hotspot/src/share/vm/prims/jvm.cpp, line 1382]
Event: 2.679 Thread 0x00007ff96c00a800 Exception <a 'java/security/PrivilegedActionException'> (0x00000000eb5c31d0) thrown at [/HUDSON/workspace/8-2-build-linux-amd64/jdk8u40/2855/hotspot/src/share/vm/prims/jvm.cpp, line 1382]

Events (10 events):
Event: 3.381 Thread 0x00007ff96c00a800 DEOPT UNPACKING pc=0x00007ff95d005229 sp=0x00007ff97532a2b0 mode 2
Event: 3.381 Thread 0x00007ff96c00a800 Uncommon trap: trap_request=0xffffff65 fr.pc=0x00007ff95d6fd0d8
Event: 3.381 Thread 0x00007ff96c00a800 DEOPT PACKING pc=0x00007ff95d6fd0d8 sp=0x00007ff97532a330
Event: 3.381 Thread 0x00007ff96c00a800 DEOPT UNPACKING pc=0x00007ff95d005229 sp=0x00007ff97532a2d8 mode 2
Event: 3.381 Thread 0x00007ff96c00a800 Uncommon trap: trap_request=0xffffff65 fr.pc=0x00007ff95d701200
Event: 3.381 Thread 0x00007ff96c00a800 DEOPT PACKING pc=0x00007ff95d701200 sp=0x00007ff97532a2e0
Event: 3.381 Thread 0x00007ff96c00a800 DEOPT UNPACKING pc=0x00007ff95d005229 sp=0x00007ff97532a2a0 mode 2
Event: 3.406 Thread 0x00007ff96c00a800 DEOPT PACKING pc=0x00007ff95d69371f sp=0x00007ff97532a360
Event: 3.406 Thread 0x00007ff96c00a800 DEOPT UNPACKING pc=0x00007ff95d047633 sp=0x00007ff97532a0b0 mode 0
Event: 3.517 Executing VM operation: ParallelGCFailedAllocation


Dynamic libraries:
00400000-00401000 r-xp 00000000 08:04 4329306                            /usr/lib/jvm/java-8-oracle/jre/bin/java
00600000-00601000 rw-p 00000000 08:04 4329306                            /usr/lib/jvm/java-8-oracle/jre/bin/java
021d2000-021f3000 rw-p 00000000 00:00 0                                  [heap]
c0000000-c2980000 rw-p 00000000 00:00 0 
c2980000-eab00000 ---p 00000000 00:00 0 
eab00000-ef400000 rw-p 00000000 00:00 0 
f1980000-100000000 ---p 00000000 00:00 0 
100000000-1000e0000 rw-p 00000000 00:00 0 
1000e0000-140000000 ---p 00000000 00:00 0 
7ff910000000-7ff910021000 rw-p 00000000 00:00 0 
7ff910021000-7ff914000000 ---p 00000000 00:00 0 
7ff914000000-7ff914021000 rw-p 00000000 00:00 0 
7ff914021000-7ff918000000 ---p 00000000 00:00 0 
7ff918000000-7ff918090000 rw-p 00000000 00:00 0 
7ff918090000-7ff91c000000 ---p 00000000 00:00 0 
7ff91c000000-7ff91c021000 rw-p 00000000 00:00 0 
7ff91c021000-7ff920000000 ---p 00000000 00:00 0 
7ff920000000-7ff920021000 rw-p 00000000 00:00 0 
7ff920021000-7ff924000000 ---p 00000000 00:00 0 
7ff924000000-7ff924021000 rw-p 00000000 00:00 0 
7ff924021000-7ff928000000 ---p 00000000 00:00 0 
7ff928000000-7ff928d16000 rw-p 00000000 00:00 0 
7ff928d16000-7ff92c000000 ---p 00000000 00:00 0 
7ff92c000000-7ff92c7c0000 rw-p 00000000 00:00 0 
7ff92c7c0000-7ff930000000 ---p 00000000 00:00 0 
7ff930000000-7ff930021000 rw-p 00000000 00:00 0 
7ff930021000-7ff934000000 ---p 00000000 00:00 0 
7ff934000000-7ff934abd000 rw-p 00000000 00:00 0 
7ff934abd000-7ff938000000 ---p 00000000 00:00 0 
7ff938000000-7ff938021000 rw-p 00000000 00:00 0 
7ff938021000-7ff93c000000 ---p 00000000 00:00 0 
7ff93c000000-7ff93c021000 rw-p 00000000 00:00 0 
7ff93c021000-7ff940000000 ---p 00000000 00:00 0 
7ff940000000-7ff940021000 rw-p 00000000 00:00 0 
7ff940021000-7ff944000000 ---p 00000000 00:00 0 
7ff944000000-7ff944292000 rw-p 00000000 00:00 0 
7ff944292000-7ff948000000 ---p 00000000 00:00 0 
7ff948000000-7ff948021000 rw-p 00000000 00:00 0 
7ff948021000-7ff94c000000 ---p 00000000 00:00 0 
7ff950000000-7ff950021000 rw-p 00000000 00:00 0 
7ff950021000-7ff954000000 ---p 00000000 00:00 0 
7ff9558f9000-7ff9558fc000 ---p 00000000 00:00 0 
7ff9558fc000-7ff9559fa000 rw-p 00000000 00:00 0 
7ff9559fa000-7ff9559fd000 ---p 00000000 00:00 0 
7ff9559fd000-7ff955afb000 rw-p 00000000 00:00 0 
7ff955afb000-7ff955afe000 ---p 00000000 00:00 0 
7ff955afe000-7ff955bfc000 rw-p 00000000 00:00 0 
7ff955bfc000-7ff955bff000 ---p 00000000 00:00 0 
7ff955bff000-7ff955cfd000 rw-p 00000000 00:00 0 
7ff955cfd000-7ff955cfe000 ---p 00000000 00:00 0 
7ff955cfe000-7ff955dfe000 rw-p 00000000 00:00 0                          [stack:11350]
7ff955dfe000-7ff955e01000 ---p 00000000 00:00 0 
7ff955e01000-7ff955eff000 rw-p 00000000 00:00 0                          [stack:11349]
7ff955eff000-7ff955f02000 ---p 00000000 00:00 0 
7ff955f02000-7ff958000000 rw-p 00000000 00:00 0                          [stack:11348]
7ff958000000-7ff958021000 rw-p 00000000 00:00 0 
7ff958021000-7ff95c000000 ---p 00000000 00:00 0 
7ff95c015000-7ff95c018000 ---p 00000000 00:00 0 
7ff95c018000-7ff95c116000 rw-p 00000000 00:00 0                          [stack:11347]
7ff95c116000-7ff95c119000 ---p 00000000 00:00 0 
7ff95c119000-7ff95c217000 rw-p 00000000 00:00 0                          [stack:11346]
7ff95c217000-7ff95c21a000 ---p 00000000 00:00 0 
7ff95c21a000-7ff95c318000 rw-p 00000000 00:00 0                          [stack:11345]
7ff95c318000-7ff95c9fa000 r--p 00000000 08:04 4070285                    /usr/lib/locale/locale-archive
7ff95c9fa000-7ff95c9fd000 ---p 00000000 00:00 0 
7ff95c9fd000-7ff95cafb000 rw-p 00000000 00:00 0                          [stack:11344]
7ff95cafb000-7ff95cafe000 ---p 00000000 00:00 0 
7ff95cafe000-7ff95cbfc000 rw-p 00000000 00:00 0                          [stack:11343]
7ff95cbfc000-7ff95cbfd000 ---p 00000000 00:00 0 
7ff95cbfd000-7ff95d000000 rw-p 00000000 00:00 0                          [stack:11342]
7ff95d000000-7ff95d830000 rwxp 00000000 00:00 0 
7ff95d830000-7ff96c000000 ---p 00000000 00:00 0 
7ff96c000000-7ff96c45b000 rw-p 00000000 00:00 0 
7ff96c45b000-7ff970000000 ---p 00000000 00:00 0 
7ff970043000-7ff970044000 rw-p 00000000 00:00 0 
7ff970044000-7ff97004f000 r--s 00116000 08:04 4329211                    /usr/lib/jvm/java-8-oracle/jre/lib/ext/localedata.jar
7ff97004f000-7ff970c5b000 rw-p 00000000 00:00 0 
7ff970c5b000-7ff970e33000 r--s 03d09000 08:04 4329222                    /usr/lib/jvm/java-8-oracle/jre/lib/rt.jar
7ff970e33000-7ff9715e9000 rw-p 00000000 00:00 0 
7ff9715e9000-7ff9716a9000 ---p 00000000 00:00 0 
7ff9716a9000-7ff9718a9000 rw-p 00000000 00:00 0 
7ff9718a9000-7ff9718aa000 ---p 00000000 00:00 0 
7ff9718aa000-7ff9719aa000 rw-p 00000000 00:00 0                          [stack:11341]
7ff9719aa000-7ff9719ab000 ---p 00000000 00:00 0 
7ff9719ab000-7ff971aab000 rw-p 00000000 00:00 0                          [stack:11340]
7ff971aab000-7ff971aac000 ---p 00000000 00:00 0 
7ff971aac000-7ff971bac000 rw-p 00000000 00:00 0                          [stack:11339]
7ff971bac000-7ff971bad000 ---p 00000000 00:00 0 
7ff971bad000-7ff971cc2000 rw-p 00000000 00:00 0                          [stack:11338]
7ff971cc2000-7ff971e03000 ---p 00000000 00:00 0 
7ff971e03000-7ff971e18000 rw-p 00000000 00:00 0 
7ff971e18000-7ff971f58000 ---p 00000000 00:00 0 
7ff971f58000-7ff971f7d000 rw-p 00000000 00:00 0 
7ff971f7d000-7ff972003000 ---p 00000000 00:00 0 
7ff972003000-7ff972025000 rw-p 00000000 00:00 0 
7ff972025000-7ff9723c4000 ---p 00000000 00:00 0 
7ff9723c4000-7ff9723de000 r-xp 00000000 08:04 4329033                    /usr/lib/jvm/java-8-oracle/jre/lib/amd64/libzip.so
7ff9723de000-7ff9725de000 ---p 0001a000 08:04 4329033                    /usr/lib/jvm/java-8-oracle/jre/lib/amd64/libzip.so
7ff9725de000-7ff9725df000 rw-p 0001a000 08:04 4329033                    /usr/lib/jvm/java-8-oracle/jre/lib/amd64/libzip.so
7ff9725df000-7ff9725ea000 r-xp 00000000 08:04 4200685                    /lib/x86_64-linux-gnu/libnss_files-2.19.so
7ff9725ea000-7ff9727e9000 ---p 0000b000 08:04 4200685                    /lib/x86_64-linux-gnu/libnss_files-2.19.so
7ff9727e9000-7ff9727ea000 r--p 0000a000 08:04 4200685                    /lib/x86_64-linux-gnu/libnss_files-2.19.so
7ff9727ea000-7ff9727eb000 rw-p 0000b000 08:04 4200685                    /lib/x86_64-linux-gnu/libnss_files-2.19.so
7ff9727eb000-7ff9727f6000 r-xp 00000000 08:04 4200705                    /lib/x86_64-linux-gnu/libnss_nis-2.19.so
7ff9727f6000-7ff9729f5000 ---p 0000b000 08:04 4200705                    /lib/x86_64-linux-gnu/libnss_nis-2.19.so
7ff9729f5000-7ff9729f6000 r--p 0000a000 08:04 4200705                    /lib/x86_64-linux-gnu/libnss_nis-2.19.so
7ff9729f6000-7ff9729f7000 rw-p 0000b000 08:04 4200705                    /lib/x86_64-linux-gnu/libnss_nis-2.19.so
7ff9729f7000-7ff972a0e000 r-xp 00000000 08:04 4200694                    /lib/x86_64-linux-gnu/libnsl-2.19.so
7ff972a0e000-7ff972c0d000 ---p 00017000 08:04 4200694                    /lib/x86_64-linux-gnu/libnsl-2.19.so
7ff972c0d000-7ff972c0e000 r--p 00016000 08:04 4200694                    /lib/x86_64-linux-gnu/libnsl-2.19.so
7ff972c0e000-7ff972c0f000 rw-p 00017000 08:04 4200694                    /lib/x86_64-linux-gnu/libnsl-2.19.so
7ff972c0f000-7ff972c11000 rw-p 00000000 00:00 0 
7ff972c11000-7ff972c1a000 r-xp 00000000 08:04 4200693                    /lib/x86_64-linux-gnu/libnss_compat-2.19.so
7ff972c1a000-7ff972e19000 ---p 00009000 08:04 4200693                    /lib/x86_64-linux-gnu/libnss_compat-2.19.so
7ff972e19000-7ff972e1a000 r--p 00008000 08:04 4200693                    /lib/x86_64-linux-gnu/libnss_compat-2.19.so
7ff972e1a000-7ff972e1b000 rw-p 00009000 08:04 4200693                    /lib/x86_64-linux-gnu/libnss_compat-2.19.so
7ff972e1b000-7ff972e45000 r-xp 00000000 08:04 4329025                    /usr/lib/jvm/java-8-oracle/jre/lib/amd64/libjava.so
7ff972e45000-7ff973045000 ---p 0002a000 08:04 4329025                    /usr/lib/jvm/java-8-oracle/jre/lib/amd64/libjava.so
7ff973045000-7ff973047000 rw-p 0002a000 08:04 4329025                    /usr/lib/jvm/java-8-oracle/jre/lib/amd64/libjava.so
7ff973047000-7ff973054000 r-xp 00000000 08:04 4329038                    /usr/lib/jvm/java-8-oracle/jre/lib/amd64/libverify.so
7ff973054000-7ff973254000 ---p 0000d000 08:04 4329038                    /usr/lib/jvm/java-8-oracle/jre/lib/amd64/libverify.so
7ff973254000-7ff973256000 rw-p 0000d000 08:04 4329038                    /usr/lib/jvm/java-8-oracle/jre/lib/amd64/libverify.so
7ff973256000-7ff97325d000 r-xp 00000000 08:04 4200702                    /lib/x86_64-linux-gnu/librt-2.19.so
7ff97325d000-7ff97345c000 ---p 00007000 08:04 4200702                    /lib/x86_64-linux-gnu/librt-2.19.so
7ff97345c000-7ff97345d000 r--p 00006000 08:04 4200702                    /lib/x86_64-linux-gnu/librt-2.19.so
7ff97345d000-7ff97345e000 rw-p 00007000 08:04 4200702                    /lib/x86_64-linux-gnu/librt-2.19.so
7ff97345e000-7ff973563000 r-xp 00000000 08:04 4200684                    /lib/x86_64-linux-gnu/libm-2.19.so
7ff973563000-7ff973762000 ---p 00105000 08:04 4200684                    /lib/x86_64-linux-gnu/libm-2.19.so
7ff973762000-7ff973763000 r--p 00104000 08:04 4200684                    /lib/x86_64-linux-gnu/libm-2.19.so
7ff973763000-7ff973764000 rw-p 00105000 08:04 4200684                    /lib/x86_64-linux-gnu/libm-2.19.so
7ff973764000-7ff974412000 r-xp 00000000 08:04 4329005                    /usr/lib/jvm/java-8-oracle/jre/lib/amd64/server/libjvm.so
7ff974412000-7ff974611000 ---p 00cae000 08:04 4329005                    /usr/lib/jvm/java-8-oracle/jre/lib/amd64/server/libjvm.so
7ff974611000-7ff9746e8000 rw-p 00cad000 08:04 4329005                    /usr/lib/jvm/java-8-oracle/jre/lib/amd64/server/libjvm.so
7ff9746e8000-7ff97472c000 rw-p 00000000 00:00 0 
7ff97472c000-7ff9748e7000 r-xp 00000000 08:04 4200699                    /lib/x86_64-linux-gnu/libc-2.19.so
7ff9748e7000-7ff974ae6000 ---p 001bb000 08:04 4200699                    /lib/x86_64-linux-gnu/libc-2.19.so
7ff974ae6000-7ff974aea000 r--p 001ba000 08:04 4200699                    /lib/x86_64-linux-gnu/libc-2.19.so
7ff974aea000-7ff974aec000 rw-p 001be000 08:04 4200699                    /lib/x86_64-linux-gnu/libc-2.19.so
7ff974aec000-7ff974af1000 rw-p 00000000 00:00 0 
7ff974af1000-7ff974af4000 r-xp 00000000 08:04 4200688                    /lib/x86_64-linux-gnu/libdl-2.19.so
7ff974af4000-7ff974cf3000 ---p 00003000 08:04 4200688                    /lib/x86_64-linux-gnu/libdl-2.19.so
7ff974cf3000-7ff974cf4000 r--p 00002000 08:04 4200688                    /lib/x86_64-linux-gnu/libdl-2.19.so
7ff974cf4000-7ff974cf5000 rw-p 00003000 08:04 4200688                    /lib/x86_64-linux-gnu/libdl-2.19.so
7ff974cf5000-7ff974d0a000 r-xp 00000000 08:04 4329040                    /usr/lib/jvm/java-8-oracle/jre/lib/amd64/jli/libjli.so
7ff974d0a000-7ff974f0a000 ---p 00015000 08:04 4329040                    /usr/lib/jvm/java-8-oracle/jre/lib/amd64/jli/libjli.so
7ff974f0a000-7ff974f0b000 rw-p 00015000 08:04 4329040                    /usr/lib/jvm/java-8-oracle/jre/lib/amd64/jli/libjli.so
7ff974f0b000-7ff974f24000 r-xp 00000000 08:04 4200700                    /lib/x86_64-linux-gnu/libpthread-2.19.so
7ff974f24000-7ff975123000 ---p 00019000 08:04 4200700                    /lib/x86_64-linux-gnu/libpthread-2.19.so
7ff975123000-7ff975124000 r--p 00018000 08:04 4200700                    /lib/x86_64-linux-gnu/libpthread-2.19.so
7ff975124000-7ff975125000 rw-p 00019000 08:04 4200700                    /lib/x86_64-linux-gnu/libpthread-2.19.so
7ff975125000-7ff975129000 rw-p 00000000 00:00 0 
7ff975129000-7ff97514c000 r-xp 00000000 08:04 4200696                    /lib/x86_64-linux-gnu/ld-2.19.so
7ff97514c000-7ff975168000 r--s 00393000 08:04 4329210                    /usr/lib/jvm/java-8-oracle/jre/lib/ext/cldrdata.jar
7ff975168000-7ff97516d000 r--s 00094000 08:04 4329224                    /usr/lib/jvm/java-8-oracle/jre/lib/jsse.jar
7ff97516d000-7ff97522b000 rw-p 00000000 00:00 0 
7ff97522b000-7ff97522e000 ---p 00000000 00:00 0 
7ff97522e000-7ff975330000 rw-p 00000000 00:00 0                          [stack:11337]
7ff975330000-7ff97533f000 r--s 000dd000 08:04 7733466                    /home/work/adt/android-sdks/build-tools/21.1.2/lib/dx.jar
7ff97533f000-7ff975347000 rw-s 00000000 08:04 7085446                    /tmp/hsperfdata_work/11328
7ff975347000-7ff975348000 rw-p 00000000 00:00 0 
7ff975348000-7ff975349000 ---p 00000000 00:00 0 
7ff975349000-7ff97534b000 rw-p 00000000 00:00 0 
7ff97534b000-7ff97534c000 r--p 00022000 08:04 4200696                    /lib/x86_64-linux-gnu/ld-2.19.so
7ff97534c000-7ff97534d000 rw-p 00023000 08:04 4200696                    /lib/x86_64-linux-gnu/ld-2.19.so
7ff97534d000-7ff97534e000 rw-p 00000000 00:00 0 
7fff795ec000-7fff7960e000 rw-p 00000000 00:00 0                          [stack]
7fff796e3000-7fff796e5000 r-xp 00000000 00:00 0                          [vdso]
ffffffffff600000-ffffffffff601000 r-xp 00000000 00:00 0                  [vsyscall]

VM Arguments:
jvm_args: -Xmx1024M 
java_command: /home/work/adt/android-sdks/build-tools/21.1.2/lib/dx.jar --dex --num-threads=4 --output /home/work/AndroidStudioProjects/LumStic/app/build/intermediates/dex/debug /home/work/AndroidStudioProjects/LumStic/app/build/intermediates/classes/debug /home/work/AndroidStudioProjects/LumStic/app/build/intermediates/dependency-cache/debug /home/work/AndroidStudioProjects/LumStic/app/build/intermediates/pre-dexed/debug/jackson-mapper-asl-1.9.12-7a66afd693422c456884dd93bb86ebd7b13dcd90.jar /home/work/AndroidStudioProjects/LumStic/app/build/intermediates/pre-dexed/debug/butterknife-4.0.1-273bc2243b0b36cd613bbb9a0af8a9d98faddeb2.jar /home/work/AndroidStudioProjects/LumStic/app/build/intermediates/pre-dexed/debug/retrofit-1.6.0-f051f742f3b96d71cd53a3c413088556951bfd84.jar /home/work/AndroidStudioProjects/LumStic/app/build/intermediates/pre-dexed/debug/gson-2.2.4-bda7abac63b20b88ccba45a6049df1e4342ccaa5.jar /home/work/AndroidStudioProjects/LumStic/app/build/intermediates/pre-dexed/debug/urlimageviewhelper-1.0.4-61363c0ac2448ed72819026d18223cc295d1e126.jar /home/work/AndroidStudioProjects/LumStic/app/build/intermediates/pre-dexed/debug/jackson-core-asl-1.9.12-9fa389eac1d3f49fa14a8a13eddb2d827ae59274.jar /home/work/AndroidStudioProjects/LumStic/app/build/intermediates/pre-dexed/debug/support-v4-19.0.1-64d9f52de000f9d8b97a4fa41b780b4b6683b6b4.jar /home/work/AndroidStudioProjects/LumStic/app/build/intermediates/pre-dexed/debug/classes-42b5367b5b7d46f6771546c78bf3b4224969416d.jar
java_class_path (initial): /home/work/adt/android-sdks/build-tools/21.1.2/lib/dx.jar
Launcher Type: SUN_STANDARD

Environment Variables:
CLASSPATH=./../lib/bootstrap.jar:./../lib/extensions.jar:./../lib/util.jar:./../lib/jdom.jar:./../lib/log4j.jar:./../lib/trove4j.jar:./../lib/jna.jar:/usr/lib/jvm/java-8-oracle/lib/tools.jar
PATH=/usr/local/sbin:/usr/local/bin:/usr/sbin:/usr/bin:/sbin:/bin:/usr/games:/usr/local/games
LD_LIBRARY_PATH=.:
SHELL=/bin/bash
DISPLAY=:0

Signal Handlers:
SIGSEGV: [libjvm.so+0xaad2e0], sa_mask[0]=11111111011111111101111111111110, sa_flags=SA_RESTART|SA_SIGINFO
SIGBUS: [libjvm.so+0xaad2e0], sa_mask[0]=11111111011111111101111111111110, sa_flags=SA_RESTART|SA_SIGINFO
SIGFPE: [libjvm.so+0x90b550], sa_mask[0]=11111111011111111101111111111110, sa_flags=SA_RESTART|SA_SIGINFO
SIGPIPE: [libjvm.so+0x90b550], sa_mask[0]=11111111011111111101111111111110, sa_flags=SA_RESTART|SA_SIGINFO
SIGXFSZ: [libjvm.so+0x90b550], sa_mask[0]=11111111011111111101111111111110, sa_flags=SA_RESTART|SA_SIGINFO
SIGILL: [libjvm.so+0x90b550], sa_mask[0]=11111111011111111101111111111110, sa_flags=SA_RESTART|SA_SIGINFO
SIGUSR1: SIG_DFL, sa_mask[0]=00000000000000000000000000000000, sa_flags=none
SIGUSR2: [libjvm.so+0x90cb90], sa_mask[0]=00100000000000000000000000000000, sa_flags=SA_RESTART|SA_SIGINFO
SIGHUP: [libjvm.so+0x90dee0], sa_mask[0]=11111111011111111101111111111110, sa_flags=SA_RESTART|SA_SIGINFO
SIGINT: [libjvm.so+0x90dee0], sa_mask[0]=11111111011111111101111111111110, sa_flags=SA_RESTART|SA_SIGINFO
SIGTERM: [libjvm.so+0x90dee0], sa_mask[0]=11111111011111111101111111111110, sa_flags=SA_RESTART|SA_SIGINFO
SIGQUIT: [libjvm.so+0x90dee0], sa_mask[0]=11111111011111111101111111111110, sa_flags=SA_RESTART|SA_SIGINFO


---------------  S Y S T E M  ---------------

OS:DISTRIB_ID=Ubuntu
DISTRIB_RELEASE=14.04
DISTRIB_CODENAME=trusty
DISTRIB_DESCRIPTION="Ubuntu 14.04 LTS"

uname:Linux 3.13.0-24-generic #46-Ubuntu SMP Thu Apr 10 19:11:08 UTC 2014 x86_64
libc:glibc 2.19 NPTL 2.19 
rlimit: STACK 8192k, CORE 0k, NPROC 31173, NOFILE 4096, AS infinity
load average:4.53 1.73 0.97

/proc/meminfo:
MemTotal:        4011716 kB
MemFree:          106940 kB
Buffers:             276 kB
Cached:            34916 kB
SwapCached:            0 kB
Active:          3691412 kB
Inactive:          31856 kB
Active(anon):    3689728 kB
Inactive(anon):    22920 kB
Active(file):       1684 kB
Inactive(file):     8936 kB
Unevictable:          32 kB
Mlocked:              32 kB
SwapTotal:             0 kB
SwapFree:              0 kB
Dirty:                80 kB
Writeback:             0 kB
AnonPages:       3688208 kB
Mapped:            26508 kB
Shmem:             24472 kB
Slab:              59036 kB
SReclaimable:      25040 kB
SUnreclaim:        33996 kB
KernelStack:        4360 kB
PageTables:        34648 kB
NFS_Unstable:          0 kB
Bounce:                0 kB
WritebackTmp:          0 kB
CommitLimit:     2005856 kB
Committed_AS:    6424028 kB
VmallocTotal:   34359738367 kB
VmallocUsed:      131656 kB
VmallocChunk:   34359536232 kB
HardwareCorrupted:     0 kB
AnonHugePages:   1101824 kB
HugePages_Total:       0
HugePages_Free:        0
HugePages_Rsvd:        0
HugePages_Surp:        0
Hugepagesize:       2048 kB
DirectMap4k:       55744 kB
DirectMap2M:     4102144 kB


CPU:total 4 (2 cores per cpu, 2 threads per core) family 6 model 58 stepping 9, cmov, cx8, fxsr, mmx, sse, sse2, sse3, ssse3, sse4.1, sse4.2, popcnt, avx, clmul, erms, ht, tsc, tscinvbit, tscinv

/proc/cpuinfo:
processor	: 0
vendor_id	: GenuineIntel
cpu family	: 6
model		: 58
model name	: Intel(R) Core(TM) i3-3210 CPU @ 3.20GHz
stepping	: 9
microcode	: 0x16
cpu MHz		: 1600.000
cache size	: 3072 KB
physical id	: 0
siblings	: 4
core id		: 0
cpu cores	: 2
apicid		: 0
initial apicid	: 0
fpu		: yes
fpu_exception	: yes
cpuid level	: 13
wp		: yes
flags		: fpu vme de pse tsc msr pae mce cx8 apic sep mtrr pge mca cmov pat pse36 clflush dts acpi mmx fxsr sse sse2 ss ht tm pbe syscall nx rdtscp lm constant_tsc arch_perfmon pebs bts rep_good nopl xtopology nonstop_tsc aperfmperf eagerfpu pni pclmulqdq dtes64 monitor ds_cpl vmx est tm2 ssse3 cx16 xtpr pdcm pcid sse4_1 sse4_2 popcnt tsc_deadline_timer xsave avx f16c lahf_lm arat epb xsaveopt pln pts dtherm tpr_shadow vnmi flexpriority ept vpid fsgsbase smep erms
bogomips	: 6385.81
clflush size	: 64
cache_alignment	: 64
address sizes	: 36 bits physical, 48 bits virtual
power management:

processor	: 1
vendor_id	: GenuineIntel
cpu family	: 6
model		: 58
model name	: Intel(R) Core(TM) i3-3210 CPU @ 3.20GHz
stepping	: 9
microcode	: 0x16
cpu MHz		: 2800.000
cache size	: 3072 KB
physical id	: 0
siblings	: 4
core id		: 1
cpu cores	: 2
apicid		: 2
initial apicid	: 2
fpu		: yes
fpu_exception	: yes
cpuid level	: 13
wp		: yes
flags		: fpu vme de pse tsc msr pae mce cx8 apic sep mtrr pge mca cmov pat pse36 clflush dts acpi mmx fxsr sse sse2 ss ht tm pbe syscall nx rdtscp lm constant_tsc arch_perfmon pebs bts rep_good nopl xtopology nonstop_tsc aperfmperf eagerfpu pni pclmulqdq dtes64 monitor ds_cpl vmx est tm2 ssse3 cx16 xtpr pdcm pcid sse4_1 sse4_2 popcnt tsc_deadline_timer xsave avx f16c lahf_lm arat epb xsaveopt pln pts dtherm tpr_shadow vnmi flexpriority ept vpid fsgsbase smep erms
bogomips	: 6385.81
clflush size	: 64
cache_alignment	: 64
address sizes	: 36 bits physical, 48 bits virtual
power management:

processor	: 2
vendor_id	: GenuineIntel
cpu family	: 6
model		: 58
model name	: Intel(R) Core(TM) i3-3210 CPU @ 3.20GHz
stepping	: 9
microcode	: 0x16
cpu MHz		: 3200.000
cache size	: 3072 KB
physical id	: 0
siblings	: 4
core id		: 0
cpu cores	: 2
apicid		: 1
initial apicid	: 1
fpu		: yes
fpu_exception	: yes
cpuid level	: 13
wp		: yes
flags		: fpu vme de pse tsc msr pae mce cx8 apic sep mtrr pge mca cmov pat pse36 clflush dts acpi mmx fxsr sse sse2 ss ht tm pbe syscall nx rdtscp lm constant_tsc arch_perfmon pebs bts rep_good nopl xtopology nonstop_tsc aperfmperf eagerfpu pni pclmulqdq dtes64 monitor ds_cpl vmx est tm2 ssse3 cx16 xtpr pdcm pcid sse4_1 sse4_2 popcnt tsc_deadline_timer xsave avx f16c lahf_lm arat epb xsaveopt pln pts dtherm tpr_shadow vnmi flexpriority ept vpid fsgsbase smep erms
bogomips	: 6385.81
clflush size	: 64
cache_alignment	: 64
address sizes	: 36 bits physical, 48 bits virtual
power management:

processor	: 3
vendor_id	: GenuineIntel
cpu family	: 6
model		: 58
model name	: Intel(R) Core(TM) i3-3210 CPU @ 3.20GHz
stepping	: 9
microcode	: 0x16
cpu MHz		: 1600.000
cache size	: 3072 KB
physical id	: 0
siblings	: 4
core id		: 1
cpu cores	: 2
apicid		: 3
initial apicid	: 3
fpu		: yes
fpu_exception	: yes
cpuid level	: 13
wp		: yes
flags		: fpu vme de pse tsc msr pae mce cx8 apic sep mtrr pge mca cmov pat pse36 clflush dts acpi mmx fxsr sse sse2 ss ht tm pbe syscall nx rdtscp lm constant_tsc arch_perfmon pebs bts rep_good nopl xtopology nonstop_tsc aperfmperf eagerfpu pni pclmulqdq dtes64 monitor ds_cpl vmx est tm2 ssse3 cx16 xtpr pdcm pcid sse4_1 sse4_2 popcnt tsc_deadline_timer xsave avx f16c lahf_lm arat epb xsaveopt pln pts dtherm tpr_shadow vnmi flexpriority ept vpid fsgsbase smep erms
bogomips	: 6385.81
clflush size	: 64
cache_alignment	: 64
address sizes	: 36 bits physical, 48 bits virtual
power management:



Memory: 4k page, physical 4011716k(106940k free), swap 0k(0k free)

vm_info: Java HotSpot(TM) 64-Bit Server VM (25.40-b25) for linux-amd64 JRE (1.8.0_40-b25), built on Feb 10 2015 21:29:53 by "java_re" with gcc 4.3.0 20080428 (Red Hat 4.3.0-8)

time: Thu Apr 23 17:05:35 2015
elapsed time: 30 seconds (0d 0h 0m 30s)

